C51 COMPILER V9.52.0.0   APP_WORK                                                          12/06/2017 17:03:19 PAGE 1   


C51 COMPILER V9.52.0.0, COMPILATION OF MODULE APP_WORK
OBJECT MODULE PLACED IN .\Out\Objects\app_work.obj
COMPILER INVOKED BY: C:\Keil_v5\C51\BIN\C51.EXE ..\App\src\app_work.c LARGE OPTIMIZE(8,SIZE) BROWSE INCDIR(..\Common\inc
                    -;..\App\inc;..\Bsp\inc;..\Startup;..\Bsp) DEFINE(FOSC_160000) DEBUG OBJECTEXTEND PRINT(.\Out\Listings\app_work.lst) TABS
                    -(2) OBJECT(.\Out\Objects\app_work.obj)

line level    source

   1          /*
   2           * app_work.c
   3           *
   4           *  Created on: 2017Äê7ÔÂ6ÈÕ
   5           *      Author: admin
   6           */
   7          
   8          #include "app.h"
   9          
  10          WORK_T g_tWork;
  11          
  12          void app_work_Init(void) {
  13   1      
  14   1      //  g_tWork.mode = 'B';
  15   1      
  16   1      }
  17          
  18          void app_work_1s_pro(void) {
  19   1        static uint8_t cnt = 0;
  20   1        uint8_t index = 0, i = 0;
  21   1      
  22   1        cnt++;
  23   1        if (cnt >= 2) {
  24   2          cnt = 0;
  25   2          index = 0;
  26   2          sendBuf[index++] = LAMP2LCD_HEADER;
  27   2          sendBuf[index++] = 0x01;
  28   2          sendBuf[index++] = DEVICE_HEART_CMD;
  29   2          for (i = 0; i < (sendBuf[1] + 1); i++) {
  30   3            sendBuf[index] += sendBuf[i + 1];
  31   3          }
  32   2          index++;
  33   2          app_2d4_send(sendBuf, index);
  34   2        }
  35   1      
  36   1      }
  37          void app_work_100ms_pro(void) {
  38   1      
  39   1      }
  40          
  41          static void app_work_pro(void) {
  42   1      
  43   1      }
  44          


MODULE INFORMATION:   STATIC OVERLAYABLE
   CODE SIZE        =    159    ----
   CONSTANT SIZE    =   ----    ----
   XDATA SIZE       =      3       1
   PDATA SIZE       =   ----    ----
   DATA SIZE        =   ----    ----
   IDATA SIZE       =   ----    ----
C51 COMPILER V9.52.0.0   APP_WORK                                                          12/06/2017 17:03:19 PAGE 2   

   BIT SIZE         =   ----    ----
END OF MODULE INFORMATION.


C51 COMPILATION COMPLETE.  0 WARNING(S),  0 ERROR(S)
