C51 COMPILER V9.52.0.0   APP_EEPROM                                                        12/06/2017 17:03:20 PAGE 1   


C51 COMPILER V9.52.0.0, COMPILATION OF MODULE APP_EEPROM
OBJECT MODULE PLACED IN .\Out\Objects\app_eeprom.obj
COMPILER INVOKED BY: C:\Keil_v5\C51\BIN\C51.EXE ..\App\src\app_eeprom.c LARGE OPTIMIZE(8,SIZE) BROWSE INCDIR(..\Common\i
                    -nc;..\App\inc;..\Bsp\inc;..\Startup;..\Bsp) DEFINE(FOSC_160000) DEBUG OBJECTEXTEND PRINT(.\Out\Listings\app_eeprom.lst) 
                    -TABS(2) OBJECT(.\Out\Objects\app_eeprom.obj)

line level    source

   1          /*
   2           * app_eeprom.c
   3           *
   4           *  Created on: 2017Äê9ÔÂ8ÈÕ
   5           *      Author: fly
   6           */
   7          #include "app.h"
   8          #include <string.h>
   9          
  10          void app_eeprom_Init(void) {
  11   1      
  12   1      }
  13          
  14          void app_eeprom_get_dome_with_index(DOME_DEFAULT_T *dd, uint8_t index) {
  15   1        uint8_t i = 0;
  16   1        uint8_t n = 0;
  17   1        n = index;
  18   1      
  19   1        if (n >= ((0x4800 - DOME_START_ADDR) / sizeof(DOME_DEFAULT_T))) {
  20   2          n = 0;
  21   2        }
  22   1        for (i = 0; i < sizeof(DOME_DEFAULT_T); i++) {
  23   2          *((uint8_t*) dd + i) = read_APROM_BYTE(
  24   2              (uint16_t*) (DOME_START_ADDR + index * sizeof(DOME_DEFAULT_T)
  25   2                  + i));
  26   2        }
  27   1      } 
  28          void app_eeprom_erase(uint16_t addr) {
  29   1        erase_DATAFLASH(DOME_START_ADDR + addr);
  30   1      }
  31          void app_eeprom_write_byte(uint16_t addr, uint8_t d) {
  32   1        write_DATAFLASH_BYTE(DOME_START_ADDR + addr, d);
  33   1      }
  34          void app_eeprom_write_buf(uint16_t addr, uint8_t *pt, uint8_t len) {
  35   1        write_DATAFLASH_BUF(DOME_START_ADDR + addr, pt, len);
  36   1      }
  37          uint8_t app_eeprom_read_byte(uint16_t addr) {
  38   1        return read_APROM_BYTE((uint16_t *)addr);
  39   1      }
  40          void app_eeprom_100ms_pro(void) {
  41   1      
  42   1      }
  43          
  44          static void app_eeprom_pro(void) {
  45   1      
  46   1      }


MODULE INFORMATION:   STATIC OVERLAYABLE
   CODE SIZE        =    135    ----
   CONSTANT SIZE    =   ----    ----
   XDATA SIZE       =   ----      11
   PDATA SIZE       =   ----    ----
C51 COMPILER V9.52.0.0   APP_EEPROM                                                        12/06/2017 17:03:20 PAGE 2   

   DATA SIZE        =   ----    ----
   IDATA SIZE       =   ----    ----
   BIT SIZE         =   ----    ----
END OF MODULE INFORMATION.


C51 COMPILATION COMPLETE.  0 WARNING(S),  0 ERROR(S)
