C51 COMPILER V9.56.0.0   BSP                                                               08/20/2017 22:54:59 PAGE 1   


C51 COMPILER V9.56.0.0, COMPILATION OF MODULE BSP
OBJECT MODULE PLACED IN .\Out\Objects\bsp.obj
COMPILER INVOKED BY: C:\Keil_v5\C51\BIN\C51.EXE ..\Bsp\bsp.c LARGE OPTIMIZE(8,SPEED) BROWSE INCDIR(..\Common\inc;..\App\
                    -inc;..\Bsp\inc;..\Startup;..\Bsp) DEFINE(FOSC_160000) DEBUG OBJECTEXTEND PRINT(.\Out\Listings\bsp.lst) OBJECT(.\Out\Obje
                    -cts\bsp.obj)

line level    source

   1          #include "bsp.h"
   2          
   3          BIT BIT_TMP;  //WTF
   4          
   5          void bsp_Init(void) {
   6   1      
   7   1      //      clr_BODEN;
   8   1      
   9   1      //      Set_All_GPIO_Quasi_Mode();
  10   1      //      Set_All_GPIO_Input_Mode();
  11   1      
  12   1              Wireless2d4_InitHard();
  13   1              Relay_InitHard();
  14   1      //      Timer1_InitHard();
  15   1      
  16   1      //      Uart_InitHard();
  17   1      
  18   1              Light_InitHard();
  19   1              Timer0_InitHard();
  20   1              set_EA;         //enable interrupts
  21   1      
  22   1      }
  23          


MODULE INFORMATION:   STATIC OVERLAYABLE
   CODE SIZE        =     15    ----
   CONSTANT SIZE    =   ----    ----
   XDATA SIZE       =   ----    ----
   PDATA SIZE       =   ----    ----
   DATA SIZE        =   ----    ----
   IDATA SIZE       =   ----    ----
   BIT SIZE         =      1    ----
END OF MODULE INFORMATION.


C51 COMPILATION COMPLETE.  0 WARNING(S),  0 ERROR(S)
