C51 COMPILER V9.56.0.0   BSP_TIMER0                                                        09/04/2017 21:46:17 PAGE 1   


C51 COMPILER V9.56.0.0, COMPILATION OF MODULE BSP_TIMER0
OBJECT MODULE PLACED IN .\Out\Objects\bsp_timer0.obj
COMPILER INVOKED BY: C:\Keil_v5\C51\BIN\C51.EXE ..\Bsp\src\bsp_timer0.c LARGE OPTIMIZE(8,SPEED) BROWSE INCDIR(..\Common\
                    -inc;..\App\inc;..\Bsp\inc;..\Startup;..\Bsp) DEFINE(FOSC_160000) DEBUG OBJECTEXTEND PRINT(.\Out\Listings\bsp_timer0.lst)
                    - OBJECT(.\Out\Objects\bsp_timer0.obj)

line level    source

   1          /*
   2           * bsp_timer0.c
   3           *
   4           *  Created on: 2017Äê6ÔÂ28ÈÕ
   5           *      Author: fly
   6           */
   7          
   8          #include "bsp.h"
   9          
  10          #define TH0_INIT        1340
  11          #define TL0_INIT        1340
  12          
  13          static uint8_t u8TH0_tmp = 0, u8TL0_tmp = 0;
  14          
  15          _Task_time Task_time;
  16          
  17          static void timer0_ParamInit(void);
  18          void Timer0_InitHard(void) {
  19   1      
  20   1              timer0_ParamInit();
  21   1              TIMER0_MODE1_ENABLE
  22   1              ;
  23   1      
  24   1              clr_T0M;
  25   1      
  26   1              u8TH0_tmp = (65536 - TH0_INIT) / 256;
  27   1              u8TL0_tmp = (65536 - TL0_INIT) % 256;
  28   1      
  29   1              TH0 = u8TH0_tmp;            //initial counter values
  30   1              TL0 = u8TL0_tmp;
  31   1      
  32   1              set_ET0;                                    //enable Timer0 interrupt
  33   1              set_TR0;                                    //Timer0 run
  34   1      
  35   1      }
  36          
  37          static void timer0_ParamInit(void) {
  38   1      
  39   1              Task_time.cnt_10ms = 0;
  40   1              Task_time.cnt_100ms = 0;
  41   1              Task_time.cnt_1s = 0;
  42   1      
  43   1              Task_time.flag_10ms = 0;
  44   1              Task_time.flag_100ms = 0;
  45   1              Task_time.flag_1s = 0;
  46   1      
  47   1      }
  48          
  49          void Timer0_ISR(void)
  50          interrupt 1              //interrupt address is 0x000B
  51          {
  52   1              TH0 = u8TH0_tmp;
  53   1              TL0 = u8TL0_tmp;
C51 COMPILER V9.56.0.0   BSP_TIMER0                                                        09/04/2017 21:46:17 PAGE 2   

  54   1      
  55   1              
  56   1              if (++Task_time.cnt_10ms >= 10) {
  57   2                      Task_time.cnt_10ms = 0;
  58   2                      Task_time.flag_10ms = 1;
  59   2      
  60   2              }
  61   1              if (++Task_time.cnt_100ms >= 100) {
  62   2                      Task_time.cnt_100ms = 0;
  63   2                      Task_time.flag_100ms = 1;
  64   2      
  65   2              }
  66   1              if (++Task_time.cnt_1s >= 1000) {
  67   2                      Task_time.cnt_1s = 0;
  68   2                      Task_time.flag_1s = 1;
  69   2      
  70   2              }
  71   1      
  72   1      }
  73          


MODULE INFORMATION:   STATIC OVERLAYABLE
   CODE SIZE        =    165    ----
   CONSTANT SIZE    =   ----    ----
   XDATA SIZE       =      9    ----
   PDATA SIZE       =   ----    ----
   DATA SIZE        =   ----    ----
   IDATA SIZE       =   ----    ----
   BIT SIZE         =   ----    ----
END OF MODULE INFORMATION.


C51 COMPILATION COMPLETE.  0 WARNING(S),  0 ERROR(S)
