C51 COMPILER V9.56.0.0   BSP_RELAY                                                         08/18/2017 23:11:06 PAGE 1   


C51 COMPILER V9.56.0.0, COMPILATION OF MODULE BSP_RELAY
OBJECT MODULE PLACED IN .\Out\Objects\bsp_relay.obj
COMPILER INVOKED BY: C:\Keil_v5\C51\BIN\C51.EXE ..\Bsp\src\bsp_relay.c LARGE OPTIMIZE(8,SPEED) BROWSE INCDIR(..\Common\i
                    -nc;..\App\inc;..\Bsp\inc;..\Startup;..\Bsp) DEFINE(FOSC_160000) DEBUG OBJECTEXTEND PRINT(.\Out\Listings\bsp_relay.lst) O
                    -BJECT(.\Out\Objects\bsp_relay.obj)

line level    source

   1          /*
   2           * bsp_relay.c
   3           *
   4           *  Created on: 2017Äê8ÔÂ18ÈÕ
   5           *      Author: fly
   6           */
   7          #include "bsp.h"
   8          
   9          void Relay_InitHard(void) {
  10   1      
  11   1              clr_P1M1_4;
  12   1              P1M2 |= SET_BIT4;
  13   1      
  14   1      }
  15          void Relay_on(void) {
  16   1              P04 = 1;
  17   1      }
  18          void Relay_off(void) {
  19   1              P04 = 0;
  20   1      }
  21          void Relay_set(uint8_t s) {
  22   1              if (s) {
  23   2                      Relay_on();
  24   2              } else {
  25   2                      Relay_off();
  26   2              }
  27   1      }


MODULE INFORMATION:   STATIC OVERLAYABLE
   CODE SIZE        =     23    ----
   CONSTANT SIZE    =   ----    ----
   XDATA SIZE       =   ----    ----
   PDATA SIZE       =   ----    ----
   DATA SIZE        =   ----    ----
   IDATA SIZE       =   ----    ----
   BIT SIZE         =   ----    ----
END OF MODULE INFORMATION.


C51 COMPILATION COMPLETE.  0 WARNING(S),  0 ERROR(S)
