C51 COMPILER V9.56.0.0   BSP_UART                                                          10/29/2017 18:39:51 PAGE 1   


C51 COMPILER V9.56.0.0, COMPILATION OF MODULE BSP_UART
OBJECT MODULE PLACED IN .\Out\Objects\bsp_uart.obj
COMPILER INVOKED BY: C:\Keil_v5\C51\BIN\C51.EXE ..\Bsp\src\bsp_uart.c LARGE OPTIMIZE(8,SPEED) BROWSE INCDIR(..\Common\in
                    -c;..\App\inc;..\Bsp\inc;..\Startup;..\Bsp) DEFINE(FOSC_160000) DEBUG OBJECTEXTEND PRINT(.\Out\Listings\bsp_uart.lst) OBJ
                    -ECT(.\Out\Objects\bsp_uart.obj)

line level    source

   1          /*
   2           * bsp_uart.c
   3           *
   4           *  Created on: 2017Äê6ÔÂ27ÈÕ
   5           *      Author: fly
   6           */
   7          
   8          #include "bsp.h"
   9          #include <string.h>
  10          
  11          idata RCV_T rcv_T;
  12          
  13          uint8_t riflag = 0;
  14          
  15          void Uart_InitHard(void) {
  16   1              riflag = 0;
  17   1      
  18   1              memset((uint8_t *) &rcv_T, 0, sizeof(RCV_T));
  19   1      
  20   1              InitialUART0_Timer1(100700);
  21   1      }
  22          
  23          void SerialPort0_ISR(void)
  24          interrupt 4
  25          {
  26   1              if (RI == 1) { /* if reception occur */
  27   2                      clr_RI; /* clear reception flag for next reception */
  28   2                      rcv_T.rxBuf[rcv_T.pWrite++] = SBUF;
  29   2                      if (rcv_T.pWrite >= RCV_BUFSIZE) {
  30   3                              rcv_T.pWrite = 0;
  31   3                      }
  32   2                      riflag++;
  33   2              }
  34   1              if (TI == 1) {
  35   2                      clr_TI; /* if emission occur */
  36   2              }
  37   1      }
  38          


MODULE INFORMATION:   STATIC OVERLAYABLE
   CODE SIZE        =     87    ----
   CONSTANT SIZE    =   ----    ----
   XDATA SIZE       =      1    ----
   PDATA SIZE       =   ----    ----
   DATA SIZE        =   ----    ----
   IDATA SIZE       =    130    ----
   BIT SIZE         =   ----    ----
END OF MODULE INFORMATION.


C51 COMPILATION COMPLETE.  0 WARNING(S),  0 ERROR(S)
