C51 COMPILER V9.56.0.0   COMMON                                                            08/20/2017 22:55:00 PAGE 1   


C51 COMPILER V9.56.0.0, COMPILATION OF MODULE COMMON
OBJECT MODULE PLACED IN .\Out\Objects\Common.obj
COMPILER INVOKED BY: C:\Keil_v5\C51\BIN\C51.EXE ..\Common\src\Common.c LARGE OPTIMIZE(8,SPEED) BROWSE INCDIR(..\Common\i
                    -nc;..\App\inc;..\Bsp\inc;..\Startup;..\Bsp) DEFINE(FOSC_160000) DEBUG OBJECTEXTEND PRINT(.\Out\Listings\Common.lst) OBJE
                    -CT(.\Out\Objects\Common.obj)

line level    source

   1          /*--------------------------------------------------------------------------------------------------------
             --*/
   2          /*                                                                                                        
             - */
   3          /* Copyright(c) 2017 Nuvoton Technology Corp. All rights reserved.                                        
             - */
   4          /*                                                                                                        
             - */
   5          /*--------------------------------------------------------------------------------------------------------
             --*/
   6          
   7          //********************************************************************************************************
             -***
   8          //  Website: http://www.nuvoton.com
   9          //  E-Mail : MicroC-8bit@nuvoton.com
  10          //  Date   : Jan/21/2017
  11          //********************************************************************************************************
             -***
  12          #include "N76E003.h"
  13          #include "Common.h"
  14          #include "Delay.h"
  15          #include "SFR_Macro.h"
  16          #include "Function_define.h"
  17          
  18          //----------------------------------------------------------------------------------
  19          // UART0 baud rate initial setting 
  20          //----------------------------------------------------------------------------------
  21          void InitialUART0_Timer1(UINT32 u32Baudrate)    //T1M = 1, SMOD = 1
  22          {
  23   1              P06_Quasi_Mode
  24   1              ;               //Setting UART pin as Quasi mode for transmit
  25   1              P07_Quasi_Mode
  26   1              ;               //Setting UART pin as Quasi mode for transmit
  27   1      
  28   1              SCON = 0x50;            //UART0 Mode1,REN=1,TI=1
  29   1              TMOD |= 0x20;           //Timer1 Mode1
  30   1      
  31   1              set_SMOD;               //UART0 Double Rate Enable
  32   1              set_T1M;
  33   1              clr_BRCK;               //Serial port 0 baud rate clock source = Timer1
  34   1      
  35   1      #ifdef FOSC_160000
  36   1              TH1 = 256 - (1000000/u32Baudrate+1); /*16 MHz */
  37   1      #endif          
  38   1      #ifdef FOSC_166000
                      TH1 = 256 - (1037500/u32Baudrate); /*16.6 MHz */
              #endif
  41   1              set_TR1;
  42   1              set_TI;                                         //For printf function must setting TI = 1
  43   1      }
  44          //---------------------------------------------------------------
  45          void InitialUART0_Timer3(UINT32 u32Baudrate) //use timer3 as Baudrate generator
  46          {
C51 COMPILER V9.56.0.0   COMMON                                                            08/20/2017 22:55:00 PAGE 2   

  47   1              P06_Quasi_Mode
  48   1              ;               //Setting UART pin as Quasi mode for transmit
  49   1              P07_Quasi_Mode
  50   1              ;               //Setting UART pin as Quasi mode for transmit
  51   1      
  52   1              SCON = 0x50;     //UART0 Mode1,REN=1,TI=1
  53   1              set_SMOD;        //UART0 Double Rate Enable
  54   1              T3CON &= 0xF8;   //T3PS2=0,T3PS1=0,T3PS0=0(Prescale=1)
  55   1              set_BRCK;        //UART0 baud rate clock source = Timer3
  56   1      
  57   1      #ifdef FOSC_160000
  58   1              RH3 = HIBYTE(65536 - (1000000/u32Baudrate)-1); /*16 MHz */
  59   1              RL3 = LOBYTE(65536 - (1000000/u32Baudrate)-1); /*16 MHz */
  60   1      #endif
  61   1      #ifdef FOSC_166000
                      RH3 = HIBYTE(65536 - (1037500/u32Baudrate)); /*16.6 MHz */
                      RL3 = LOBYTE(65536 - (1037500/u32Baudrate)); /*16.6 MHz */
              #endif
  65   1              set_TR3;         //Trigger Timer3
  66   1              set_TI;                                  //For printf function must setting TI = 1
  67   1      }
  68          
  69          UINT8 Receive_Data_From_UART0(void) {
  70   1              UINT8 c;
  71   1              while (!RI)
  72   1                      ;
  73   1              c = SBUF;
  74   1              RI = 0;
  75   1              return (c);
  76   1      }
  77          
  78          void Send_Data_To_UART0(UINT8 c) {
  79   1              TI = 0;
  80   1              SBUF = c;
  81   1              while (TI == 0)
  82   1                      ;
  83   1      }
  84          
  85          //----------------------------------------------------------------------------------
  86          // UART1 baud rate initial setting 
  87          //----------------------------------------------------------------------------------
  88          void InitialUART1_Timer3(UINT32 u32Baudrate) //use timer3 as Baudrate generator
  89          {
  90   1              P02_Quasi_Mode
  91   1              ;               //Setting UART pin as Quasi mode for transmit
  92   1              P16_Quasi_Mode
  93   1              ;               //Setting UART pin as Quasi mode for transmit
  94   1      
  95   1              SCON_1 = 0x50;          //UART1 Mode1,REN_1=1,TI_1=1
  96   1              T3CON = 0x08;           //T3PS2=0,T3PS1=0,T3PS0=0(Prescale=1), UART1 in MODE 1
  97   1              clr_BRCK;
  98   1      
  99   1      #ifdef FOSC_160000
 100   1              RH3 = HIBYTE(65536 - (1000000/u32Baudrate)-1); /*16 MHz */
 101   1              RL3 = LOBYTE(65536 - (1000000/u32Baudrate)-1); /*16 MHz */
 102   1      #endif
 103   1      #ifdef FOSC_166000
                      RH3 = HIBYTE(65536 - (1037500/u32Baudrate)); /*16.6 MHz */
                      RL3 = LOBYTE(65536 - (1037500/u32Baudrate)); /*16.6 MHz */
              #endif
 107   1              set_TR3;         //Trigger Timer3
 108   1      }
C51 COMPILER V9.56.0.0   COMMON                                                            08/20/2017 22:55:00 PAGE 3   

 109          
 110          UINT8 Receive_Data_From_UART1(void) {
 111   1              UINT8 c;
 112   1      
 113   1              while (!RI_1)
 114   1                      ;
 115   1              c = SBUF_1;
 116   1              RI_1 = 0;
 117   1              return (c);
 118   1      }
 119          
 120          void Send_Data_To_UART1(UINT8 c) {
 121   1              TI_1 = 0;
 122   1              SBUF_1 = c;
 123   1              while (TI_1 == 0)
 124   1                      ;
 125   1      }
 126          
 127          /*==========================================================================*/
 128          #ifdef SW_Reset
              void SW_Reset(void)
              {
                      TA = 0xAA;
                      TA = 0x55;
                      set_SWRST;
              }
              #endif
 136          /*==========================================================================*/


MODULE INFORMATION:   STATIC OVERLAYABLE
   CODE SIZE        =    314    ----
   CONSTANT SIZE    =   ----    ----
   XDATA SIZE       =   ----       8
   PDATA SIZE       =   ----    ----
   DATA SIZE        =   ----    ----
   IDATA SIZE       =   ----    ----
   BIT SIZE         =   ----    ----
END OF MODULE INFORMATION.


C51 COMPILATION COMPLETE.  0 WARNING(S),  0 ERROR(S)
