C51 COMPILER V9.56.0.0   MAIN                                                              11/01/2017 06:16:58 PAGE 1   


C51 COMPILER V9.56.0.0, COMPILATION OF MODULE MAIN
OBJECT MODULE PLACED IN .\Out\Objects\main.obj
COMPILER INVOKED BY: C:\Keil_v5\C51\BIN\C51.EXE ..\App\src\main.c LARGE OPTIMIZE(8,SPEED) BROWSE INCDIR(..\Common\inc;..
                    -\App\inc;..\Bsp\inc;..\Startup;..\Bsp) DEFINE(FOSC_160000) DEBUG OBJECTEXTEND PRINT(.\Out\Listings\main.lst) OBJECT(.\Ou
                    -t\Objects\main.obj)

line level    source

   1          #include "app.h"
   2          
   3          //uint8_t dd = 0;
   4          
   5          void main(void) {
   6   1      
   7   1      #if  0
              
              //      set_HIRCEN
              ////    //step1: enable HIRC clock source run
              //      while ((CKSWT & SET_BIT5) == 0)
              //              ;                               //step2: check ready
              
                      clr_HIRCEN
                      
                      set_EXTEN1
                      set_EXTEN0
                      
                      clr_OSC1
                      //step3: switching system clock source if needed
                      set_OSC0
              
                      while ((CKEN & SET_BIT0) == 1)
                              ;                               //step4: check system clock switching OK or NG
              
              #endif
  27   1              /****************/
  28   1              bsp_Init();
  29   1      
  30   1              /****************/
  31   1              app_eeprom_Init();
  32   1              app_2d4_init();
  33   1              app_work_Init();
  34   1              app_uart_Init();
  35   1              app_dome_Init();
  36   1              /****************/
  37   1      //      Show_FW_Version_Number_To_PC();
  38   1              while (1) {
  39   2      
  40   2                      app_uart_pro();
  41   2      
  42   2                      if (Task_time.flag_10ms) {
  43   3                              Task_time.flag_10ms = 0;
  44   3                              //////////////////
  45   3                              app_dome_interrupter();
  46   3                      }
  47   2                      if (Task_time.flag_100ms) {
  48   3                              Task_time.flag_100ms = 0;
  49   3                              //////////////////
  50   3                              app_2d4_pro();
  51   3      //                      app_work_100ms_pro();
  52   3      //                      Repeat_Pro();
  53   3      
C51 COMPILER V9.56.0.0   MAIN                                                              11/01/2017 06:16:58 PAGE 2   

  54   3                      }
  55   2                      if (Task_time.flag_500ms) {
  56   3                              Task_time.flag_500ms = 0;
  57   3                              //////////////////
  58   3      
  59   3                      }
  60   2                      if (Task_time.flag_1s) {
  61   3                              Task_time.flag_1s = 0;
  62   3                              //////////////////
  63   3      #if DEBUG
                                      printf("I am alive\r\n");
              #endif
  66   3      
  67   3      //                      app_work_1s_pro();
  68   3      
  69   3                      }
  70   2              }
  71   1      }


MODULE INFORMATION:   STATIC OVERLAYABLE
   CODE SIZE        =     61    ----
   CONSTANT SIZE    =   ----    ----
   XDATA SIZE       =   ----    ----
   PDATA SIZE       =   ----    ----
   DATA SIZE        =   ----    ----
   IDATA SIZE       =   ----    ----
   BIT SIZE         =   ----    ----
END OF MODULE INFORMATION.


C51 COMPILATION COMPLETE.  0 WARNING(S),  0 ERROR(S)
